SF:lib/features/players/domain/player.dart
DA:2,2
DA:45,0
DA:46,0
DA:48,0
DA:49,0
DA:51,0
DA:52,0
DA:53,0
DA:54,0
DA:55,0
DA:56,0
DA:59,0
DA:81,0
DA:82,0
DA:83,0
DA:84,0
DA:85,0
DA:86,0
DA:87,0
DA:88,0
DA:89,0
DA:90,0
DA:91,0
DA:92,0
DA:94,0
DA:95,0
DA:96,0
DA:97,0
DA:98,0
DA:99,0
DA:100,0
DA:104,2
DA:105,4
DA:106,2
DA:107,2
DA:108,2
DA:109,2
DA:110,2
DA:111,2
DA:112,2
DA:113,2
DA:114,2
DA:115,2
DA:116,2
DA:117,2
DA:118,2
DA:119,2
DA:120,2
DA:121,2
DA:124,2
DA:125,2
DA:127,0
DA:128,0
DA:131,2
DA:132,4
DA:137,0
DA:139,0
DA:140,0
DA:141,0
DA:143,0
DA:144,0
DA:145,0
DA:146,0
DA:147,0
DA:148,0
DA:149,0
DA:150,0
DA:151,0
DA:152,0
DA:153,0
DA:156,0
DA:157,0
DA:158,0
DA:159,0
DA:160,0
DA:161,0
DA:162,0
DA:167,0
DA:168,0
DA:169,0
DA:170,0
DA:171,0
DA:174,0
DA:176,0
DA:177,0
DA:178,0
DA:179,0
LF:87
LH:23
end_of_record
SF:lib/features/players/domain/player_completeness.dart
DA:5,0
DA:7,0
DA:8,0
DA:10,0
DA:11,0
DA:12,0
DA:13,0
DA:19,1
DA:20,1
DA:21,2
DA:22,2
DA:23,3
DA:29,0
DA:30,0
DA:31,0
DA:32,0
DA:33,0
DA:39,0
DA:41,2
DA:42,2
DA:43,2
DA:45,8
DA:46,8
DA:47,4
DA:54,1
DA:55,1
DA:56,1
DA:58,4
DA:59,4
DA:60,2
DA:67,2
DA:68,6
DA:71,0
DA:72,0
DA:73,0
DA:74,0
DA:77,0
DA:78,0
DA:79,0
DA:81,0
DA:84,0
DA:85,0
DA:88,2
DA:91,8
DA:93,2
DA:96,2
DA:97,4
LF:47
LH:24
end_of_record
SF:lib/core/player_profile_requirements.dart
DA:2,1
DA:18,0
DA:91,0
DA:92,0
DA:94,0
DA:95,0
DA:96,0
DA:97,0
DA:99,6
DA:100,8
DA:103,6
DA:105,0
DA:121,0
DA:122,0
DA:123,0
DA:124,0
LF:16
LH:4
end_of_record
SF:lib/features/auth/providers/auth_providers.dart
DA:7,2
DA:17,15
DA:18,15
DA:19,0
DA:21,15
DA:22,0
DA:25,0
DA:26,0
DA:29,0
DA:30,0
DA:31,0
DA:34,15
DA:35,0
DA:36,0
DA:37,0
DA:40,0
DA:41,0
DA:42,0
DA:43,0
DA:44,0
DA:48,0
DA:49,0
DA:50,0
DA:51,0
LF:24
LH:5
end_of_record
SF:lib/features/players/player_form_page.dart
DA:19,1
DA:26,2
DA:28,1
DA:29,1
DA:79,1
DA:81,2
DA:82,2
DA:83,2
DA:84,2
DA:85,2
DA:86,2
DA:87,2
DA:88,2
DA:89,2
DA:90,2
DA:91,1
DA:94,1
DA:96,1
DA:97,1
DA:98,5
DA:101,0
DA:102,0
DA:103,0
DA:104,0
DA:105,0
DA:106,0
DA:107,0
DA:108,0
DA:109,0
DA:110,0
DA:111,0
DA:112,0
DA:113,0
DA:114,0
DA:115,0
DA:116,0
DA:117,0
DA:118,0
DA:121,0
DA:122,0
DA:123,0
DA:124,0
DA:127,0
DA:128,0
DA:129,0
DA:130,0
DA:133,0
DA:134,0
DA:138,0
DA:139,0
DA:140,0
DA:141,0
DA:144,0
DA:145,0
DA:152,0
DA:155,0
DA:157,0
DA:159,0
DA:162,0
DA:163,0
DA:164,0
DA:167,0
DA:170,0
DA:173,0
DA:174,0
DA:175,0
DA:176,0
DA:178,0
DA:179,0
DA:180,0
DA:181,0
DA:183,0
DA:184,0
DA:186,0
DA:187,0
DA:188,0
DA:189,0
DA:190,0
DA:192,0
DA:193,0
DA:194,0
DA:197,0
DA:199,0
DA:200,0
DA:202,0
DA:203,0
DA:204,0
DA:205,0
DA:206,0
DA:209,0
DA:210,0
DA:211,0
DA:212,0
DA:213,0
DA:214,0
DA:218,0
DA:219,0
DA:220,0
DA:221,0
DA:222,0
DA:223,0
DA:224,0
DA:225,0
DA:227,0
DA:229,0
DA:230,0
DA:231,0
DA:232,0
DA:233,0
DA:234,0
DA:235,0
DA:236,0
DA:237,0
DA:239,0
DA:240,0
DA:241,0
DA:242,0
DA:243,0
DA:245,0
DA:246,0
DA:247,0
DA:248,0
DA:249,0
DA:252,0
DA:253,0
DA:255,0
DA:259,1
DA:261,3
DA:263,1
DA:264,1
DA:265,3
DA:266,1
DA:267,1
DA:268,1
DA:274,0
DA:275,0
DA:276,0
DA:277,0
DA:281,0
DA:282,0
DA:283,0
DA:287,0
DA:288,0
DA:289,0
DA:290,0
DA:291,0
DA:292,0
DA:295,0
DA:296,0
DA:299,1
DA:300,0
DA:305,0
DA:310,0
DA:311,0
DA:313,0
DA:315,0
DA:316,0
DA:317,0
DA:319,0
DA:320,0
DA:321,0
DA:322,0
DA:324,0
DA:327,0
DA:328,0
DA:329,0
DA:332,0
DA:333,0
DA:335,0
DA:337,0
DA:345,0
DA:346,0
DA:347,0
DA:348,0
DA:350,0
DA:351,0
DA:357,0
DA:358,0
DA:361,0
DA:362,0
DA:363,0
DA:369,0
DA:370,0
DA:371,0
DA:373,0
DA:374,0
DA:376,0
DA:377,0
DA:378,0
DA:380,0
DA:381,0
DA:383,0
DA:384,0
DA:385,0
DA:388,0
DA:389,0
DA:390,0
DA:391,0
DA:392,0
DA:393,0
DA:396,0
DA:397,0
DA:399,0
DA:402,0
DA:403,0
DA:405,0
DA:406,0
DA:410,0
DA:411,0
DA:412,0
DA:415,0
DA:416,0
DA:418,0
DA:421,0
DA:422,0
DA:424,0
DA:429,0
DA:430,0
DA:431,0
DA:434,0
DA:435,0
DA:436,0
DA:440,0
DA:441,0
DA:442,0
DA:443,0
DA:444,0
DA:445,0
DA:448,0
DA:449,0
DA:450,0
DA:451,0
DA:453,0
DA:459,0
DA:460,0
DA:461,0
DA:467,0
DA:468,0
DA:469,0
DA:477,0
DA:478,0
DA:479,0
DA:483,0
DA:484,0
DA:486,0
DA:487,0
DA:490,0
DA:491,0
DA:493,0
DA:494,0
DA:495,0
LF:251
LH:29
end_of_record
SF:lib/features/games/games_page.dart
DA:16,0
DA:18,0
DA:20,0
DA:28,0
DA:30,1
DA:31,1
DA:38,1
DA:40,1
DA:41,2
DA:44,1
DA:46,2
DA:47,1
DA:50,1
DA:52,3
DA:54,1
DA:56,1
DA:57,1
DA:58,1
DA:59,1
DA:60,1
DA:61,1
DA:62,1
DA:64,1
DA:65,1
DA:66,1
DA:67,1
DA:69,3
DA:72,1
DA:74,0
DA:82,1
DA:83,1
DA:89,1
DA:90,1
DA:91,1
DA:92,1
DA:93,1
DA:97,1
DA:107,1
DA:108,0
DA:114,0
DA:115,0
DA:117,0
DA:118,0
DA:136,0
DA:137,0
DA:140,0
DA:142,0
DA:147,2
DA:157,0
DA:159,0
DA:161,0
DA:162,0
DA:163,0
DA:169,1
DA:177,1
DA:179,4
DA:181,1
DA:182,1
DA:183,1
DA:184,0
DA:185,0
DA:187,0
DA:192,1
DA:194,1
DA:195,0
DA:196,1
DA:197,1
DA:198,4
DA:199,1
DA:200,1
DA:201,0
DA:203,3
DA:204,3
DA:205,1
DA:207,1
DA:208,4
DA:209,1
DA:211,2
DA:212,0
DA:213,0
DA:215,0
DA:217,0
DA:218,0
DA:219,0
DA:220,0
DA:221,0
DA:222,0
DA:225,0
DA:226,0
DA:227,0
DA:233,0
DA:235,0
DA:236,0
DA:237,0
DA:238,0
DA:250,1
DA:251,0
DA:257,0
DA:263,0
DA:265,0
DA:275,0
DA:277,0
DA:278,0
DA:279,0
DA:283,0
DA:285,0
DA:286,0
DA:287,0
DA:290,0
DA:291,0
DA:292,0
DA:293,0
DA:294,0
DA:295,0
DA:297,0
DA:300,0
DA:301,0
DA:304,0
DA:306,0
DA:307,0
DA:308,0
DA:309,0
DA:310,0
DA:318,0
DA:319,0
DA:320,0
DA:321,0
DA:323,0
DA:325,0
DA:328,0
DA:329,0
DA:330,0
DA:332,0
DA:334,0
DA:338,0
DA:339,0
DA:340,0
DA:341,0
DA:342,0
DA:343,0
DA:344,0
DA:346,0
DA:350,0
DA:352,0
DA:353,0
DA:354,0
DA:358,0
DA:360,0
DA:361,0
DA:362,0
DA:363,0
DA:366,0
DA:367,0
DA:368,0
DA:369,0
DA:372,0
DA:373,0
DA:374,0
DA:375,0
DA:379,0
DA:380,0
DA:381,0
DA:384,0
DA:386,0
DA:387,0
DA:392,0
DA:393,0
DA:396,0
DA:397,0
DA:398,0
DA:400,0
DA:401,0
DA:403,0
DA:404,0
DA:405,0
LF:175
LH:55
end_of_record
SF:lib/core/ui/app_strings.dart
DA:2,0
LF:1
LH:0
end_of_record
SF:lib/core/utils/logger.dart
DA:5,0
DA:7,0
DA:11,0
DA:12,0
DA:13,0
DA:14,0
DA:17,2
DA:18,6
DA:21,0
DA:26,0
DA:27,0
LF:11
LH:2
end_of_record
SF:lib/shared/widgets/app_scaffold.dart
DA:7,3
DA:26,0
DA:27,0
DA:28,0
DA:29,0
DA:32,3
DA:34,3
DA:35,12
DA:36,3
DA:37,3
DA:38,3
DA:45,3
DA:48,0
DA:50,3
DA:53,0
DA:55,3
DA:58,0
DA:60,3
DA:63,0
DA:65,3
DA:68,0
DA:70,3
DA:73,0
DA:75,3
DA:78,0
DA:83,6
DA:84,3
DA:86,2
DA:87,2
DA:88,0
LF:30
LH:18
end_of_record
SF:lib/shared/widgets/background_watermark.dart
DA:4,2
DA:15,2
DA:16,8
DA:19,2
DA:21,4
DA:22,4
DA:24,2
DA:25,2
DA:26,2
DA:28,2
DA:30,2
DA:31,0
DA:32,0
DA:34,0
DA:36,2
DA:37,2
DA:39,0
DA:49,2
DA:60,2
DA:62,2
DA:63,2
DA:64,2
DA:65,2
DA:66,2
DA:67,2
DA:70,4
LF:26
LH:22
end_of_record
SF:lib/shared/widgets/empty_state.dart
DA:4,2
DA:19,2
DA:21,4
DA:22,2
DA:23,2
DA:25,2
DA:27,2
DA:28,6
DA:30,10
DA:32,2
DA:33,2
DA:35,6
DA:37,2
DA:39,0
DA:40,0
DA:41,0
LF:16
LH:13
end_of_record
SF:lib/shared/widgets/loading.dart
DA:4,2
DA:8,5
DA:10,5
DA:11,5
DA:13,5
DA:15,10
DA:17,10
LF:7
LH:7
end_of_record
SF:lib/features/seasons/providers/seasons_providers.dart
DA:9,4
DA:10,1
DA:13,3
DA:14,0
DA:17,10
DA:18,2
DA:21,4
DA:22,3
DA:25,0
DA:26,0
DA:27,0
DA:28,0
DA:29,0
LF:13
LH:7
end_of_record
SF:lib/features/games/providers/games_providers.dart
DA:10,0
DA:11,0
DA:14,0
DA:15,0
DA:18,0
DA:19,0
DA:20,0
DA:21,0
DA:24,3
DA:25,0
DA:28,3
DA:29,0
DA:30,0
DA:32,0
DA:35,3
DA:36,0
DA:39,0
DA:40,0
DA:43,0
DA:44,0
DA:47,0
DA:48,0
DA:51,0
DA:52,0
LF:24
LH:3
end_of_record
SF:lib/features/seasons/season_detail_page.dart
DA:17,0
DA:24,1
DA:25,1
DA:29,1
DA:31,3
DA:32,3
DA:34,1
DA:36,1
DA:37,1
DA:38,1
DA:39,7
DA:48,1
DA:49,1
DA:50,1
DA:51,1
DA:52,1
DA:53,1
DA:55,1
DA:56,1
DA:57,1
DA:58,1
DA:59,2
DA:60,3
DA:63,1
DA:65,0
DA:71,1
DA:72,0
DA:79,1
DA:80,1
DA:81,1
DA:83,0
DA:84,0
DA:90,0
DA:91,0
DA:94,1
DA:95,0
DA:101,0
DA:105,0
DA:108,0
DA:110,0
DA:113,0
DA:114,0
DA:115,0
DA:120,1
DA:132,1
DA:134,4
DA:135,1
DA:136,1
DA:137,1
DA:138,1
DA:145,1
DA:146,1
DA:147,1
DA:148,1
DA:149,0
DA:153,0
DA:154,0
DA:158,1
DA:160,1
DA:161,0
DA:162,1
DA:163,1
DA:164,4
DA:165,1
DA:166,1
DA:167,0
DA:169,3
DA:170,3
DA:171,1
DA:173,1
DA:174,4
DA:175,1
DA:177,1
DA:178,0
DA:179,0
DA:181,0
DA:183,0
DA:184,0
DA:185,0
DA:186,0
DA:189,0
DA:190,0
DA:196,0
DA:197,0
DA:198,0
DA:210,1
DA:211,0
DA:220,0
DA:224,0
DA:225,0
DA:235,0
DA:237,0
DA:238,0
DA:239,0
DA:242,0
DA:243,0
DA:244,0
DA:245,0
DA:246,0
DA:247,0
DA:249,0
DA:252,0
DA:253,0
DA:255,0
DA:257,0
DA:258,0
DA:259,0
DA:260,0
DA:261,0
DA:263,0
DA:264,0
DA:265,0
DA:266,0
DA:267,0
DA:268,0
DA:270,0
DA:274,0
DA:276,0
DA:277,0
DA:278,0
DA:282,0
DA:284,0
DA:285,0
DA:286,0
DA:287,0
DA:290,0
DA:291,0
DA:293,0
DA:294,0
DA:296,0
DA:299,0
DA:300,0
DA:304,0
DA:307,0
DA:308,0
DA:311,0
DA:313,0
DA:314,0
DA:315,0
LF:139
LH:54
end_of_record
SF:lib/features/players/players_list_page.dart
DA:17,1
DA:19,1
DA:20,1
DA:36,1
DA:38,1
DA:39,3
DA:40,3
DA:41,1
DA:42,3
DA:45,1
DA:47,2
DA:48,1
DA:51,0
DA:52,0
DA:53,0
DA:54,0
DA:55,0
DA:56,0
DA:57,0
DA:60,0
DA:61,0
DA:63,0
DA:64,0
DA:67,0
DA:69,0
DA:70,0
DA:71,0
DA:72,0
DA:75,0
DA:76,0
DA:79,1
DA:81,3
DA:82,3
DA:84,1
DA:87,1
DA:88,1
DA:89,1
DA:90,1
DA:92,1
DA:93,1
DA:105,0
DA:106,0
DA:107,0
DA:108,0
DA:110,0
DA:111,0
DA:114,0
DA:116,0
DA:117,0
DA:118,0
DA:119,0
DA:120,0
DA:121,0
DA:122,0
DA:125,0
DA:126,0
DA:127,0
DA:128,0
DA:129,0
DA:130,0
DA:131,0
DA:133,0
DA:137,0
DA:138,0
DA:139,0
DA:141,0
DA:142,0
DA:143,0
DA:144,0
DA:145,0
DA:147,0
DA:151,0
DA:152,0
DA:153,0
DA:155,0
DA:156,0
DA:157,0
DA:158,0
DA:159,0
DA:160,0
DA:161,0
DA:163,0
DA:166,0
DA:167,0
DA:168,0
DA:169,0
DA:170,0
DA:171,0
DA:172,0
DA:173,0
DA:179,0
DA:181,0
DA:189,0
DA:190,0
DA:191,0
DA:197,0
DA:199,0
DA:201,0
DA:202,0
DA:204,0
DA:206,0
DA:209,0
DA:210,0
DA:211,0
DA:212,0
DA:214,0
DA:215,0
DA:216,0
DA:218,0
DA:219,0
DA:220,0
DA:228,0
DA:229,0
DA:236,0
DA:238,0
DA:239,0
DA:240,0
DA:242,0
DA:243,0
DA:244,0
DA:246,0
DA:248,0
DA:249,0
DA:250,0
DA:251,0
DA:252,0
DA:253,0
DA:255,0
DA:256,0
DA:257,0
DA:258,0
DA:259,0
DA:263,0
DA:264,0
DA:266,0
DA:268,0
DA:269,0
DA:270,0
DA:271,0
DA:274,0
DA:275,0
DA:277,0
DA:281,0
DA:283,0
DA:284,0
DA:286,0
DA:289,0
DA:291,0
DA:296,0
DA:297,0
DA:298,0
DA:299,0
DA:301,0
DA:303,0
DA:304,0
DA:305,0
DA:306,0
DA:307,0
DA:308,0
DA:309,0
DA:310,0
DA:311,0
DA:312,0
DA:313,0
DA:314,0
DA:317,0
DA:318,0
DA:326,0
DA:328,0
DA:334,0
DA:335,0
DA:338,1
DA:339,0
DA:347,0
DA:359,0
DA:362,0
DA:363,0
DA:364,0
DA:366,0
DA:367,0
DA:370,0
DA:371,0
DA:372,0
DA:374,0
DA:376,0
DA:377,0
DA:378,0
DA:380,0
DA:385,0
DA:387,0
DA:390,0
DA:391,0
DA:392,0
DA:394,0
DA:396,0
DA:397,0
DA:398,0
DA:399,0
DA:402,0
DA:411,0
DA:412,0
DA:413,0
DA:418,0
DA:428,0
DA:432,0
DA:434,0
DA:435,0
DA:436,0
DA:437,0
DA:438,0
DA:439,0
LF:211
LH:23
end_of_record
SF:lib/features/players/providers/player_photo_providers.dart
DA:7,0
DA:14,0
DA:18,0
DA:20,0
DA:24,0
DA:25,0
DA:26,0
DA:27,0
DA:30,0
DA:33,0
DA:34,0
DA:35,0
DA:36,0
DA:40,0
DA:43,0
DA:45,0
DA:49,0
DA:53,0
DA:54,0
DA:56,0
DA:57,0
DA:60,0
DA:61,0
DA:62,0
DA:63,0
DA:64,0
DA:69,0
DA:78,0
DA:79,0
DA:82,0
DA:83,0
LF:31
LH:0
end_of_record
SF:lib/features/players/providers/players_providers.dart
DA:10,0
DA:11,0
DA:14,3
DA:15,0
DA:16,0
DA:17,0
DA:20,0
DA:21,0
DA:22,0
DA:27,2
DA:28,1
DA:29,0
DA:34,0
DA:38,0
DA:39,0
DA:40,0
DA:43,0
DA:44,0
DA:45,0
LF:19
LH:3
end_of_record
SF:lib/features/players/data/players_repo.dart
DA:11,2
DA:15,0
DA:16,0
DA:20,2
DA:24,0
DA:25,0
DA:29,0
DA:34,0
DA:35,0
DA:36,0
DA:37,0
DA:38,0
DA:39,0
DA:40,0
DA:41,0
DA:42,0
DA:43,0
DA:46,0
DA:47,0
DA:48,0
DA:51,0
DA:52,0
DA:54,0
DA:55,0
DA:56,0
DA:57,0
DA:59,0
DA:62,0
DA:63,0
DA:64,0
DA:65,0
DA:66,0
DA:67,0
DA:68,0
DA:69,0
DA:72,0
DA:73,0
DA:74,0
DA:75,0
DA:76,0
DA:77,0
DA:79,0
DA:82,0
DA:83,0
DA:86,0
DA:94,0
DA:96,0
DA:98,0
DA:99,0
DA:100,0
DA:102,0
DA:104,0
DA:105,0
DA:106,0
DA:107,0
DA:109,0
DA:112,0
DA:115,0
DA:120,0
DA:122,0
DA:126,0
DA:128,0
DA:130,0
DA:132,0
DA:141,0
DA:143,0
DA:146,0
DA:154,0
DA:155,0
DA:157,0
DA:160,0
DA:162,0
DA:171,0
DA:172,0
DA:173,0
DA:175,0
DA:177,0
DA:178,0
DA:182,0
DA:183,0
DA:184,0
DA:186,0
DA:188,0
DA:189,0
DA:194,0
DA:197,0
DA:198,0
DA:200,0
DA:202,0
DA:203,0
DA:205,0
DA:206,0
DA:211,0
DA:215,0
DA:216,0
DA:223,0
DA:224,0
DA:225,0
DA:226,0
DA:235,0
DA:236,0
DA:237,0
DA:238,0
DA:239,0
DA:248,0
DA:249,0
DA:250,0
DA:251,0
DA:252,0
DA:253,0
DA:254,0
DA:255,0
DA:256,0
DA:265,0
DA:266,0
DA:267,0
DA:268,0
DA:269,0
DA:270,0
DA:271,0
DA:272,0
DA:273,0
DA:274,0
DA:286,0
DA:287,0
DA:288,0
DA:289,0
DA:293,0
DA:296,0
DA:297,0
DA:298,0
DA:300,0
DA:303,0
DA:304,0
DA:307,0
DA:309,0
DA:312,0
DA:313,0
DA:314,0
DA:316,0
DA:318,0
DA:323,0
DA:324,0
DA:325,0
DA:326,0
DA:327,0
DA:328,0
DA:329,0
DA:330,0
DA:331,0
DA:332,0
DA:333,0
DA:334,0
DA:335,0
DA:336,0
DA:338,0
DA:343,0
DA:344,0
DA:345,0
DA:346,0
DA:347,0
DA:350,0
DA:351,0
DA:352,0
DA:353,0
DA:354,0
DA:355,0
DA:357,0
DA:360,0
DA:361,0
DA:362,0
DA:363,0
DA:364,0
DA:365,0
DA:368,0
DA:369,0
DA:370,0
LF:177
LH:2
end_of_record
SF:lib/features/players/domain/player_metric.dart
DA:2,0
DA:24,0
DA:35,0
DA:36,0
DA:37,0
DA:38,0
DA:39,0
DA:40,0
DA:41,0
DA:42,0
DA:43,0
DA:44,0
DA:48,0
DA:49,0
DA:50,0
DA:51,0
DA:52,0
DA:53,0
DA:54,0
DA:55,0
DA:56,0
DA:59,0
DA:60,0
DA:65,0
DA:66,0
DA:67,0
DA:68,0
DA:69,0
DA:70,0
DA:71,0
DA:72,0
DA:73,0
DA:74,0
DA:75,0
DA:76,0
LF:35
LH:0
end_of_record
SF:lib/features/players/player_data_quality_page.dart
DA:15,0
DA:22,1
DA:23,1
DA:31,1
DA:33,1
DA:34,3
DA:36,0
DA:37,1
DA:38,0
DA:42,1
DA:44,2
DA:45,1
DA:48,1
DA:50,3
DA:51,3
DA:53,1
DA:56,1
DA:57,1
DA:66,1
DA:67,1
DA:68,1
DA:69,1
DA:70,5
DA:71,1
DA:72,1
DA:74,2
DA:75,3
DA:78,1
DA:79,3
DA:83,4
DA:84,1
DA:85,0
DA:86,0
DA:87,0
DA:88,1
DA:90,1
DA:91,1
DA:92,1
DA:94,1
DA:96,1
DA:97,1
DA:98,2
DA:99,3
DA:102,1
DA:105,1
DA:106,2
DA:107,2
DA:108,2
DA:109,3
DA:113,1
DA:116,1
DA:117,1
DA:119,1
DA:120,3
DA:121,4
DA:122,0
DA:123,0
DA:124,0
DA:125,0
DA:129,1
DA:131,1
DA:132,3
DA:133,4
DA:134,0
DA:135,0
DA:136,0
DA:140,1
DA:141,1
DA:142,3
DA:143,1
DA:144,1
DA:145,4
DA:148,3
DA:149,4
DA:150,1
DA:151,2
DA:152,2
DA:153,1
DA:162,1
DA:163,1
DA:165,3
DA:166,3
DA:169,1
DA:170,1
DA:171,0
DA:180,1
DA:181,1
DA:187,1
DA:189,1
DA:190,1
DA:191,1
DA:192,1
DA:193,2
DA:194,1
DA:196,1
DA:197,1
DA:198,0
DA:199,1
DA:200,7
DA:202,1
DA:205,3
DA:209,1
DA:211,1
DA:212,1
DA:213,1
DA:215,2
DA:216,1
DA:218,0
DA:231,0
DA:232,0
DA:235,1
DA:236,0
DA:241,1
DA:243,2
DA:244,1
DA:246,1
DA:247,1
DA:248,1
DA:251,1
DA:252,2
DA:253,2
DA:254,2
DA:255,1
DA:257,5
DA:258,1
DA:260,5
DA:265,1
DA:266,1
DA:267,2
DA:268,2
DA:269,3
DA:283,6
DA:284,2
DA:285,2
DA:286,2
DA:287,2
DA:288,2
DA:289,2
DA:290,0
DA:291,0
DA:292,0
DA:293,0
DA:299,0
DA:300,0
DA:303,0
DA:304,0
DA:305,0
DA:307,0
DA:310,0
DA:311,0
DA:312,0
DA:313,0
DA:316,0
DA:317,0
DA:318,0
DA:319,0
DA:321,0
DA:322,0
DA:323,0
DA:324,0
DA:339,1
DA:347,1
DA:349,1
DA:351,1
DA:352,1
DA:353,3
DA:355,1
DA:357,1
DA:358,6
DA:359,5
DA:367,1
DA:379,5
LF:172
LH:131
end_of_record
SF:lib/features/seasons/domain/season.dart
DA:2,3
DA:16,0
DA:17,0
DA:18,0
DA:19,0
DA:20,0
DA:21,0
DA:22,0
DA:28,0
DA:38,0
DA:39,0
DA:40,0
DA:41,0
DA:42,0
DA:46,0
DA:47,0
LF:16
LH:1
end_of_record
SF:lib/features/auth/data/auth_repo.dart
DA:4,0
DA:8,0
DA:9,0
DA:12,0
DA:14,0
DA:18,0
DA:24,0
DA:25,0
LF:8
LH:0
end_of_record
SF:lib/features/auth/ui/login_page.dart
DA:9,1
DA:11,1
DA:12,1
DA:25,1
DA:27,1
DA:28,1
DA:31,1
DA:33,2
DA:34,2
DA:35,1
DA:38,1
DA:39,1
DA:40,2
DA:41,1
DA:43,2
DA:44,3
DA:48,0
DA:49,0
DA:52,0
DA:53,0
DA:54,0
DA:58,0
DA:59,0
DA:61,0
DA:63,0
DA:64,0
DA:65,0
DA:66,0
DA:68,0
DA:70,0
DA:74,1
DA:76,1
DA:77,1
DA:78,1
DA:79,1
DA:81,1
DA:83,1
DA:84,1
DA:86,1
DA:87,1
DA:88,1
DA:91,1
DA:92,1
DA:94,3
DA:99,1
DA:100,1
DA:106,0
DA:107,0
DA:108,0
DA:109,0
DA:114,1
DA:115,1
DA:120,0
DA:122,0
DA:123,0
DA:127,1
DA:129,0
DA:130,0
DA:131,0
DA:132,0
DA:136,1
DA:137,1
DA:139,1
DA:140,2
DA:141,2
LF:65
LH:40
end_of_record
SF:lib/features/games/data/game_plays_repo.dart
DA:6,0
DA:10,0
DA:11,0
DA:12,0
DA:13,0
DA:21,0
DA:22,0
DA:24,0
DA:27,0
DA:28,0
DA:32,0
DA:33,0
DA:34,0
DA:35,0
DA:43,0
DA:45,0
DA:48,0
DA:49,0
DA:52,0
DA:53,0
DA:54,0
DA:55,0
DA:61,0
DA:62,0
DA:64,0
LF:25
LH:0
end_of_record
SF:lib/features/games/domain/game_play.dart
DA:2,1
DA:66,0
DA:67,0
DA:68,0
DA:69,0
DA:70,0
DA:71,0
DA:72,0
DA:73,0
DA:74,0
DA:75,0
DA:76,0
DA:77,0
DA:78,0
DA:79,0
DA:80,0
DA:81,0
DA:82,0
DA:83,0
DA:84,0
DA:85,0
DA:86,0
DA:87,0
DA:88,0
DA:89,0
DA:90,0
DA:91,0
DA:92,0
DA:94,0
DA:98,0
DA:99,0
DA:101,0
DA:102,0
DA:103,0
DA:104,0
DA:107,0
DA:108,0
DA:109,0
DA:110,0
DA:111,0
DA:112,0
DA:113,0
DA:114,0
DA:115,0
DA:116,0
DA:117,0
DA:118,0
DA:119,0
DA:120,0
DA:121,0
DA:122,0
DA:123,0
DA:124,0
DA:125,0
DA:126,0
DA:127,0
DA:128,0
DA:129,0
DA:130,0
DA:131,0
DA:132,0
DA:133,0
DA:134,0
DA:135,0
DA:136,0
DA:137,0
DA:144,0
DA:145,0
LF:68
LH:1
end_of_record
SF:lib/features/games/data/games_repo.dart
DA:7,0
DA:11,0
DA:12,0
DA:13,0
DA:14,0
DA:15,0
DA:16,0
DA:17,0
DA:18,0
DA:19,0
DA:20,0
DA:21,0
DA:24,0
DA:25,0
DA:26,0
DA:29,0
DA:30,0
DA:33,0
DA:34,0
DA:35,0
DA:36,0
DA:37,0
DA:38,0
DA:39,0
DA:40,0
DA:41,0
DA:42,0
DA:43,0
DA:46,0
DA:47,0
DA:48,0
DA:51,0
DA:52,0
DA:55,0
DA:56,0
DA:59,0
DA:60,0
DA:62,0
DA:63,0
DA:64,0
DA:65,0
DA:67,0
DA:70,0
DA:71,0
DA:73,0
DA:74,0
DA:77,0
DA:78,0
DA:79,0
DA:80,0
DA:81,0
DA:82,0
DA:84,0
DA:87,0
DA:93,0
DA:94,0
DA:105,0
DA:111,0
DA:112,0
DA:124,0
DA:129,0
DA:130,0
DA:142,0
DA:143,0
DA:144,0
DA:145,0
DA:148,0
DA:149,0
LF:68
LH:0
end_of_record
SF:lib/features/games/domain/game.dart
DA:2,3
DA:28,0
DA:29,0
DA:30,0
DA:31,0
DA:32,0
DA:33,0
DA:34,0
DA:36,0
DA:37,0
DA:38,0
DA:39,0
DA:41,0
DA:45,0
DA:46,0
DA:47,0
DA:48,0
DA:49,0
DA:53,0
DA:54,0
DA:55,0
DA:56,0
DA:57,0
DA:58,0
DA:60,0
DA:61,0
DA:62,0
DA:63,0
DA:64,0
DA:65,0
DA:73,0
DA:75,0
DA:77,0
DA:79,0
DA:86,0
DA:87,0
DA:88,0
LF:37
LH:1
end_of_record
SF:lib/features/games/data/stats_repo.dart
DA:6,0
DA:10,0
DA:11,0
DA:12,0
DA:13,0
DA:14,0
DA:15,0
DA:16,0
DA:19,0
DA:20,0
DA:21,0
DA:24,0
DA:25,0
DA:26,0
DA:27,0
DA:28,0
DA:29,0
DA:32,0
DA:33,0
DA:34,0
DA:37,0
DA:46,0
DA:57,0
DA:58,0
DA:59,0
DA:60,0
DA:61,0
DA:62,0
DA:65,0
DA:66,0
DA:67,0
DA:70,0
DA:79,0
DA:90,0
DA:91,0
DA:92,0
DA:93,0
DA:94,0
DA:95,0
DA:98,0
DA:99,0
DA:100,0
DA:103,0
DA:112,0
LF:44
LH:0
end_of_record
SF:lib/features/games/domain/stats.dart
DA:2,0
DA:14,0
DA:16,0
DA:17,0
DA:18,0
DA:19,0
DA:20,0
DA:21,0
DA:27,0
DA:47,0
DA:48,0
DA:50,0
DA:51,0
DA:53,0
DA:54,0
DA:55,0
DA:57,0
DA:58,0
DA:59,0
DA:60,0
DA:61,0
DA:67,0
DA:87,0
DA:88,0
DA:90,0
DA:91,0
DA:93,0
DA:94,0
DA:95,0
DA:97,0
DA:98,0
DA:99,0
DA:100,0
DA:101,0
DA:107,0
DA:127,0
DA:128,0
DA:130,0
DA:131,0
DA:133,0
DA:134,0
DA:135,0
DA:137,0
DA:138,0
DA:139,0
DA:140,0
DA:141,0
LF:47
LH:0
end_of_record
SF:lib/features/games/providers/game_plays_provider.dart
DA:9,0
DA:10,0
DA:13,0
DA:14,0
DA:21,0
DA:22,0
DA:24,0
DA:26,0
DA:27,0
DA:30,0
DA:34,0
DA:35,0
DA:36,0
DA:37,0
DA:38,0
DA:39,0
DA:46,0
DA:48,0
DA:50,0
DA:52,0
DA:56,0
DA:57,0
DA:58,0
DA:59,0
DA:64,0
DA:87,0
DA:88,0
DA:89,0
DA:90,0
DA:93,0
DA:94,0
DA:95,0
DA:96,0
DA:97,0
DA:98,0
DA:99,0
DA:100,0
DA:101,0
DA:103,0
DA:104,0
DA:105,0
DA:106,0
DA:107,0
DA:108,0
DA:109,0
DA:110,0
DA:111,0
DA:112,0
DA:114,0
DA:118,0
DA:119,0
DA:120,0
DA:121,0
DA:124,0
DA:137,0
DA:138,0
DA:142,1
DA:153,1
DA:160,2
DA:161,2
DA:162,2
DA:164,2
DA:165,2
DA:168,1
LF:64
LH:8
end_of_record
SF:lib/features/players/providers/player_profile_providers.dart
DA:8,3
DA:46,1
DA:78,0
DA:81,4
DA:82,2
DA:83,1
DA:88,3
DA:89,0
DA:92,1
DA:97,1
DA:98,1
DA:101,1
DA:103,1
DA:106,4
DA:107,3
DA:108,1
DA:110,3
DA:113,4
DA:114,2
DA:115,1
DA:116,2
DA:135,2
DA:136,2
DA:137,1
DA:138,1
DA:139,1
DA:140,1
DA:141,1
DA:142,1
DA:143,1
DA:144,1
DA:145,1
DA:146,1
DA:147,1
DA:148,1
DA:149,1
DA:150,1
DA:152,1
DA:153,1
DA:155,1
DA:156,1
DA:158,1
DA:159,1
DA:162,1
DA:163,0
DA:165,0
DA:166,0
DA:168,0
DA:169,0
DA:172,1
DA:173,0
DA:174,0
DA:175,0
DA:176,0
DA:177,0
DA:181,1
DA:201,4
DA:202,3
DA:203,1
DA:205,3
DA:208,4
DA:209,1
DA:210,2
DA:211,1
DA:212,1
DA:215,2
DA:217,4
DA:220,1
DA:221,2
DA:222,2
DA:223,1
DA:233,2
DA:234,2
DA:235,1
DA:236,1
DA:237,1
DA:238,1
DA:239,1
DA:240,1
DA:241,1
DA:242,1
DA:243,1
DA:244,1
DA:245,1
DA:246,1
DA:247,0
DA:248,0
DA:249,0
DA:252,1
DA:253,1
DA:254,1
DA:255,2
DA:256,1
DA:257,1
DA:258,2
DA:259,2
DA:272,5
LF:97
LH:82
end_of_record
SF:lib/features/seasons/data/seasons_repo.dart
DA:6,0
DA:10,0
DA:11,0
DA:12,0
DA:13,0
DA:14,0
DA:17,0
DA:18,0
DA:19,0
DA:22,0
DA:23,0
DA:24,0
DA:25,0
DA:26,0
DA:27,0
DA:28,0
DA:29,0
DA:32,0
DA:35,0
DA:36,0
DA:39,0
DA:40,0
DA:41,0
DA:42,0
DA:43,0
DA:44,0
DA:46,0
DA:49,0
DA:50,0
LF:29
LH:0
end_of_record
SF:lib/features/uniforms/data/uniforms_exporter.dart
DA:9,1
DA:20,1
DA:21,1
DA:22,1
DA:24,2
DA:25,2
DA:26,2
DA:27,3
DA:28,5
DA:29,1
DA:32,3
DA:33,2
DA:34,1
DA:37,1
DA:39,1
DA:40,2
DA:41,5
DA:42,1
DA:43,0
DA:50,0
DA:52,0
DA:53,0
DA:54,0
DA:56,0
DA:57,0
DA:58,0
DA:61,0
DA:62,0
DA:63,0
DA:64,0
DA:67,0
DA:68,0
DA:69,0
DA:70,0
DA:71,0
DA:72,0
DA:76,0
DA:78,0
DA:80,0
DA:83,0
DA:84,0
DA:85,0
DA:87,0
DA:88,0
DA:89,0
DA:92,0
DA:93,0
DA:94,0
DA:95,0
DA:96,0
DA:97,0
DA:100,0
DA:101,0
DA:102,0
DA:103,0
DA:104,0
DA:105,0
DA:106,0
DA:107,0
DA:111,0
DA:113,0
DA:115,0
LF:62
LH:18
end_of_record
SF:lib/features/uniforms/domain/uniform_line.dart
DA:5,1
DA:29,0
DA:30,0
DA:31,0
DA:33,0
DA:34,0
DA:36,0
DA:37,0
DA:38,0
DA:39,0
DA:42,0
DA:43,0
DA:47,0
DA:48,0
DA:49,0
DA:50,0
DA:51,0
DA:52,0
DA:53,0
DA:54,0
DA:55,0
DA:57,0
LF:22
LH:1
end_of_record
SF:lib/features/uniforms/domain/uniform_order_row.dart
DA:4,0
DA:19,0
DA:20,0
DA:23,0
DA:24,0
DA:25,0
DA:26,0
DA:27,0
DA:28,0
DA:29,0
DA:30,0
DA:31,0
DA:32,0
LF:13
LH:0
end_of_record
SF:lib/features/uniforms/domain/uniform_extra.dart
DA:2,0
DA:26,0
DA:38,0
DA:39,0
DA:40,0
DA:41,0
DA:42,0
DA:43,0
DA:44,0
DA:45,0
DA:46,0
DA:47,0
DA:48,0
DA:52,0
DA:53,0
DA:54,0
DA:55,0
DA:56,0
DA:57,0
DA:58,0
DA:59,0
DA:60,0
DA:61,0
DA:63,0
DA:64,0
DA:69,0
DA:70,0
DA:71,0
DA:72,0
DA:73,0
DA:74,0
DA:75,0
DA:76,0
DA:77,0
DA:78,0
DA:79,0
DA:80,0
LF:37
LH:0
end_of_record
SF:lib/features/games/game_capture_page.dart
DA:17,1
DA:24,1
DA:25,1
DA:32,1
DA:34,6
DA:35,3
DA:37,1
DA:38,1
DA:39,1
DA:40,1
DA:49,3
DA:50,1
DA:62,1
DA:63,1
DA:64,1
DA:72,0
DA:73,0
DA:74,0
DA:75,0
DA:76,0
DA:77,0
DA:78,0
DA:79,0
DA:80,0
DA:82,0
DA:83,0
DA:84,0
DA:85,0
DA:86,0
DA:87,0
DA:88,0
DA:89,0
DA:90,0
DA:92,0
DA:99,0
DA:100,0
DA:101,0
DA:104,0
DA:106,0
DA:107,0
DA:108,0
DA:109,0
DA:118,0
DA:119,0
DA:120,0
DA:124,0
DA:126,0
DA:129,0
DA:138,0
DA:139,0
DA:141,0
DA:142,0
DA:143,0
DA:145,0
DA:148,0
DA:149,0
DA:156,0
DA:157,0
DA:158,0
DA:159,0
DA:160,0
DA:161,0
DA:163,0
DA:165,0
DA:168,0
DA:170,0
DA:171,0
DA:172,0
DA:173,0
DA:174,0
DA:175,0
DA:176,0
DA:178,0
DA:179,0
DA:186,0
DA:187,0
DA:190,0
DA:192,0
DA:193,0
DA:195,0
DA:196,0
DA:199,0
DA:201,0
DA:202,0
DA:203,0
DA:204,0
DA:208,0
DA:210,0
DA:212,0
DA:214,0
DA:216,0
DA:218,0
DA:220,0
DA:222,0
DA:230,0
DA:232,0
DA:235,0
DA:236,0
DA:239,0
DA:240,0
DA:243,1
DA:244,0
DA:249,0
DA:254,0
DA:257,0
DA:258,0
DA:263,0
DA:264,0
DA:265,0
DA:266,0
DA:267,0
DA:269,0
DA:270,0
DA:271,0
DA:272,0
DA:276,0
DA:278,0
DA:279,0
DA:280,0
DA:281,0
DA:286,0
DA:292,0
DA:293,0
DA:294,0
DA:295,0
DA:296,0
DA:303,0
DA:308,0
DA:310,0
DA:312,0
DA:314,0
DA:316,0
DA:323,0
DA:328,0
DA:330,0
DA:331,0
DA:332,0
DA:333,0
DA:335,0
DA:337,0
DA:338,0
DA:340,0
DA:341,0
DA:343,0
DA:352,0
DA:362,0
DA:374,0
DA:375,0
DA:410,0
DA:412,0
DA:413,0
DA:414,0
DA:417,0
DA:419,0
DA:420,0
DA:421,0
DA:422,0
DA:423,0
DA:424,0
DA:427,0
DA:429,0
DA:430,0
DA:431,0
DA:432,0
DA:433,0
DA:434,0
DA:435,0
DA:436,0
DA:439,0
DA:440,0
DA:441,0
DA:443,0
DA:444,0
DA:445,0
DA:446,0
DA:451,0
DA:452,0
DA:453,0
DA:459,0
DA:460,0
DA:461,0
DA:462,0
DA:469,0
DA:470,0
DA:471,0
DA:477,0
DA:478,0
DA:479,0
DA:480,0
DA:481,0
DA:485,0
DA:486,0
DA:490,0
DA:491,0
DA:492,0
DA:494,0
DA:495,0
DA:496,0
DA:497,0
DA:501,0
DA:503,0
DA:510,0
DA:511,0
DA:512,0
DA:515,0
DA:516,0
DA:517,0
DA:521,0
DA:522,0
DA:523,0
DA:526,0
DA:527,0
DA:529,0
DA:530,0
DA:542,0
DA:543,0
DA:544,0
DA:545,0
DA:546,0
DA:547,0
DA:548,0
DA:549,0
DA:550,0
DA:551,0
DA:553,0
DA:554,0
DA:557,0
DA:560,0
DA:561,0
DA:562,0
DA:564,0
DA:565,0
DA:566,0
DA:567,0
DA:571,0
DA:572,0
DA:573,0
DA:574,0
DA:575,0
DA:576,0
DA:577,0
DA:578,0
DA:579,0
DA:581,0
DA:582,0
DA:583,0
DA:589,0
DA:590,0
DA:591,0
DA:595,0
DA:596,0
DA:597,0
DA:598,0
DA:599,0
DA:600,0
DA:605,0
DA:606,0
DA:607,0
DA:608,0
DA:609,0
DA:610,0
DA:611,0
DA:617,0
DA:618,0
DA:619,0
DA:624,0
DA:625,0
DA:626,0
DA:630,0
DA:631,0
DA:632,0
DA:636,0
DA:637,0
DA:638,0
DA:639,0
DA:640,0
DA:641,0
DA:643,0
DA:644,0
DA:645,0
DA:646,0
DA:651,0
DA:652,0
DA:653,0
DA:656,0
DA:657,0
DA:658,0
DA:669,0
DA:670,0
DA:671,0
DA:672,0
DA:673,0
DA:674,0
DA:677,0
DA:678,0
DA:680,0
DA:681,0
DA:685,0
DA:686,0
DA:687,0
DA:691,0
DA:692,0
DA:693,0
DA:697,0
DA:698,0
DA:699,0
DA:703,0
DA:704,0
DA:705,0
DA:709,0
DA:710,0
DA:711,0
DA:715,0
DA:716,0
DA:717,0
DA:721,0
DA:722,0
DA:723,0
DA:730,0
DA:731,0
DA:732,0
DA:733,0
DA:734,0
DA:736,0
DA:737,0
DA:738,0
DA:739,0
DA:740,0
DA:741,0
DA:743,0
DA:744,0
DA:746,0
DA:747,0
DA:749,0
DA:750,0
DA:751,0
DA:752,0
DA:753,0
DA:754,0
DA:755,0
DA:756,0
DA:757,0
DA:758,0
DA:759,0
DA:760,0
DA:761,0
DA:762,0
DA:763,0
DA:764,0
DA:765,0
DA:766,0
DA:767,0
DA:768,0
DA:772,0
DA:773,0
DA:777,0
DA:778,0
DA:779,0
DA:780,0
DA:782,0
DA:783,0
DA:784,0
DA:785,0
DA:786,0
DA:787,0
DA:789,0
DA:791,0
DA:792,0
DA:794,0
DA:795,0
DA:796,0
DA:797,0
DA:798,0
DA:799,0
DA:801,0
LF:375
LH:16
end_of_record
SF:lib/features/games/domain/game_roster_resolution.dart
DA:3,2
DA:7,4
DA:8,2
DA:12,2
DA:13,1
DA:17,1
DA:18,1
LF:7
LH:7
end_of_record
SF:lib/features/games/game_stats_page.dart
DA:11,1
DA:12,4
DA:17,0
DA:24,0
DA:26,0
DA:27,0
DA:28,0
DA:29,0
DA:33,0
DA:34,0
DA:35,0
DA:44,0
DA:45,0
DA:46,0
DA:47,0
DA:48,0
DA:49,0
DA:57,0
DA:58,0
DA:60,0
DA:61,0
DA:63,0
DA:65,0
DA:67,0
DA:69,0
DA:71,0
DA:73,0
DA:75,0
DA:77,0
DA:79,0
DA:81,0
DA:83,0
DA:88,0
DA:89,0
DA:96,0
DA:101,0
DA:103,0
DA:104,0
DA:106,0
DA:108,0
DA:110,0
DA:111,0
DA:113,0
DA:114,0
DA:116,0
DA:118,0
DA:127,0
DA:128,0
DA:129,0
DA:130,0
DA:131,0
DA:132,0
DA:133,0
DA:138,0
DA:140,0
DA:141,0
DA:142,0
DA:143,0
DA:144,0
DA:145,0
DA:146,0
DA:151,0
DA:152,0
DA:153,0
DA:154,0
DA:155,0
LF:66
LH:2
end_of_record
SF:lib/app.dart
DA:8,1
DA:10,1
DA:12,2
DA:14,1
DA:17,1
DA:18,1
LF:6
LH:6
end_of_record
SF:lib/core/config/router.dart
DA:29,3
DA:30,0
DA:31,0
DA:33,0
DA:34,0
DA:36,0
DA:38,0
DA:41,0
DA:42,0
DA:43,0
DA:44,0
DA:45,0
DA:51,0
DA:55,0
DA:66,0
DA:67,0
DA:69,0
DA:71,0
DA:73,0
DA:75,0
DA:77,0
DA:79,0
DA:81,0
DA:83,0
DA:86,0
DA:88,0
DA:90,0
DA:92,0
DA:95,0
DA:97,0
DA:99,0
DA:100,0
DA:103,0
DA:105,0
DA:107,0
DA:109,0
DA:111,0
DA:113,0
DA:114,0
DA:117,0
DA:119,0
DA:120,0
DA:123,0
DA:125,0
DA:126,0
DA:129,0
DA:131,0
DA:133,0
DA:135,0
DA:137,0
DA:140,0
DA:142,0
DA:144,0
DA:146,0
DA:149,0
DA:151,0
DA:153,0
DA:155,0
DA:157,0
DA:158,0
DA:159,0
DA:160,0
DA:163,0
DA:166,0
DA:168,0
DA:170,0
DA:172,0
DA:174,0
DA:175,0
DA:178,0
DA:180,0
DA:181,0
DA:182,0
DA:185,0
DA:187,0
DA:188,0
DA:191,0
DA:193,0
DA:194,0
DA:197,0
DA:199,0
DA:206,0
DA:207,0
DA:212,0
DA:214,0
DA:215,0
DA:220,1
DA:222,0
DA:233,1
DA:235,0
DA:237,0
DA:238,0
DA:239,0
DA:241,0
DA:244,0
DA:254,0
DA:255,0
DA:256,0
DA:257,0
DA:258,0
LF:100
LH:3
end_of_record
SF:lib/core/theme/theme.dart
DA:6,0
DA:8,1
DA:21,1
DA:34,1
DA:37,1
DA:38,1
DA:39,2
DA:42,1
DA:43,1
DA:47,2
DA:50,1
DA:51,1
DA:54,2
DA:57,1
DA:62,1
DA:63,1
DA:66,1
DA:67,1
DA:70,1
DA:71,1
DA:75,1
DA:81,2
DA:86,1
DA:88,1
DA:89,1
LF:25
LH:24
end_of_record
SF:lib/features/awards/player_of_month_page.dart
DA:17,1
DA:19,0
DA:25,0
DA:28,0
DA:33,0
DA:36,0
DA:38,0
DA:39,0
DA:41,0
DA:44,0
DA:45,0
DA:46,0
DA:48,0
DA:49,0
DA:58,0
DA:60,0
DA:61,0
DA:62,0
DA:64,0
DA:65,0
DA:66,0
DA:67,0
DA:68,0
DA:69,0
DA:72,0
DA:74,0
DA:75,0
DA:76,0
DA:77,0
DA:78,0
DA:81,0
DA:84,0
DA:96,0
DA:103,0
DA:104,0
DA:105,0
DA:106,0
DA:114,0
DA:116,0
DA:117,0
DA:118,0
DA:119,0
DA:120,0
DA:122,0
DA:123,0
DA:125,0
DA:126,0
DA:128,0
DA:129,0
DA:130,0
DA:131,0
DA:139,0
DA:140,0
DA:146,0
DA:147,0
DA:150,0
DA:151,0
DA:158,0
DA:166,0
DA:167,0
DA:178,0
DA:180,0
DA:181,0
DA:184,0
DA:185,0
DA:186,0
DA:187,0
DA:188,0
DA:189,0
DA:193,0
DA:196,0
DA:197,0
DA:198,0
DA:200,0
DA:203,0
DA:204,0
DA:205,0
DA:206,0
DA:207,0
DA:209,0
DA:212,0
DA:213,0
DA:214,0
DA:215,0
DA:216,0
DA:217,0
DA:219,0
DA:223,0
DA:225,0
DA:226,0
DA:227,0
DA:229,0
DA:230,0
DA:231,0
DA:235,0
DA:237,0
DA:238,0
DA:239,0
DA:240,0
DA:243,0
DA:244,0
DA:246,0
DA:249,0
DA:250,0
DA:253,0
DA:255,0
DA:256,0
DA:259,0
DA:260,0
DA:261,0
DA:262,0
DA:265,0
DA:266,0
DA:269,0
DA:270,0
DA:272,0
DA:273,0
DA:274,0
DA:277,0
DA:281,0
DA:283,0
DA:284,0
DA:285,0
DA:289,0
DA:290,0
DA:292,0
DA:293,0
DA:294,0
DA:306,0
DA:307,0
DA:308,0
LF:131
LH:1
end_of_record
SF:lib/features/dashboard/dashboard_page.dart
DA:29,1
DA:31,0
DA:32,0
DA:36,0
DA:38,0
DA:39,0
DA:40,0
DA:43,0
DA:45,0
DA:46,0
DA:47,0
DA:48,0
DA:49,0
DA:50,0
DA:52,0
DA:54,0
DA:55,0
DA:57,0
DA:58,0
DA:59,0
DA:60,0
DA:61,0
DA:66,0
DA:67,0
DA:68,0
DA:70,0
DA:75,0
DA:79,0
DA:80,0
DA:81,0
DA:82,0
DA:83,0
DA:87,0
DA:88,0
DA:89,0
DA:90,0
DA:91,0
DA:93,0
DA:94,0
DA:95,0
DA:97,0
DA:98,0
DA:100,0
DA:102,0
DA:104,0
DA:105,0
DA:106,0
DA:108,0
DA:110,0
DA:111,0
DA:113,0
DA:114,0
DA:115,0
DA:116,0
DA:117,0
DA:119,0
DA:120,0
DA:121,0
DA:123,0
DA:124,0
DA:126,0
DA:128,0
DA:129,0
DA:131,0
DA:132,0
DA:133,0
DA:137,0
DA:139,0
DA:145,0
DA:146,0
DA:148,0
DA:151,0
DA:153,0
DA:154,0
DA:162,0
DA:164,0
DA:168,0
DA:169,0
DA:173,0
DA:175,0
DA:178,0
DA:180,0
DA:181,0
DA:182,0
DA:183,0
DA:187,0
DA:189,0
DA:194,0
DA:197,0
DA:199,0
DA:211,0
DA:212,0
DA:220,0
DA:228,0
DA:230,0
DA:231,0
DA:232,0
DA:238,0
DA:240,0
DA:242,0
DA:243,0
DA:244,0
DA:245,0
DA:247,0
DA:248,0
DA:249,0
DA:251,0
DA:254,0
DA:257,0
DA:261,0
DA:262,0
DA:263,0
DA:266,0
DA:267,0
DA:272,0
DA:275,0
DA:278,0
DA:290,0
DA:306,0
DA:308,0
DA:309,0
DA:311,0
DA:313,0
DA:314,0
DA:317,0
DA:318,0
DA:319,0
DA:321,0
DA:323,0
DA:326,0
DA:327,0
DA:328,0
DA:333,0
DA:334,0
DA:335,0
DA:340,0
DA:341,0
DA:344,0
DA:346,0
DA:348,0
DA:349,0
DA:351,0
DA:352,0
DA:364,1
DA:366,0
DA:368,0
DA:369,0
DA:370,0
DA:371,0
DA:372,0
DA:373,0
DA:374,0
DA:377,0
DA:378,0
DA:385,0
DA:388,0
DA:391,0
DA:393,0
DA:394,0
DA:395,0
DA:409,0
DA:419,0
DA:421,0
DA:422,0
DA:424,0
DA:425,0
DA:426,0
DA:427,0
DA:432,0
DA:433,0
DA:435,0
DA:436,0
DA:438,0
DA:441,0
DA:442,0
DA:443,0
DA:444,0
DA:445,0
DA:446,0
DA:447,0
DA:451,0
DA:460,0
DA:468,0
DA:469,0
DA:475,0
DA:477,0
DA:478,0
DA:479,0
DA:480,0
DA:484,0
DA:486,0
DA:487,0
DA:490,0
DA:493,0
DA:494,0
LF:195
LH:2
end_of_record
SF:lib/features/games/game_detail_page.dart
DA:11,0
DA:18,0
DA:20,0
DA:21,0
DA:23,0
DA:24,0
DA:25,0
DA:26,0
DA:29,0
DA:30,0
DA:31,0
DA:32,0
DA:34,0
DA:36,0
DA:37,0
DA:38,0
DA:40,0
DA:41,0
DA:42,0
DA:44,0
DA:48,0
DA:49,0
DA:50,0
DA:55,0
DA:56,0
DA:61,0
DA:62,0
DA:67,0
DA:71,0
DA:72,0
DA:76,0
DA:77,0
DA:78,0
DA:82,0
DA:89,0
DA:90,0
DA:93,0
DA:94,0
LF:38
LH:0
end_of_record
SF:lib/features/games/stats_capture_page.dart
DA:12,0
DA:21,0
DA:22,0
DA:30,0
DA:31,0
DA:32,0
DA:34,0
DA:36,0
DA:43,0
DA:44,0
DA:45,0
DA:46,0
DA:47,0
DA:48,0
DA:49,0
DA:50,0
DA:56,0
DA:57,0
DA:60,0
DA:65,0
DA:67,0
DA:68,0
DA:69,0
DA:70,0
DA:71,0
DA:72,0
DA:73,0
DA:77,0
DA:78,0
DA:79,0
DA:80,0
DA:81,0
DA:82,0
DA:83,0
DA:87,0
DA:88,0
DA:89,0
DA:90,0
DA:91,0
DA:92,0
DA:95,0
DA:96,0
DA:97,0
DA:98,0
DA:100,0
DA:103,0
DA:104,0
DA:105,0
DA:106,0
DA:107,0
DA:108,0
DA:109,0
DA:110,0
DA:111,0
DA:112,0
DA:114,0
DA:115,0
DA:116,0
DA:117,0
DA:118,0
DA:119,0
DA:120,0
DA:121,0
DA:122,0
DA:123,0
DA:125,0
DA:127,0
DA:128,0
DA:129,0
DA:130,0
DA:131,0
DA:132,0
DA:133,0
DA:134,0
DA:136,0
DA:139,0
DA:140,0
DA:143,0
DA:144,0
DA:145,0
DA:146,0
DA:148,0
DA:152,0
DA:153,0
DA:154,0
DA:155,0
DA:157,0
DA:158,0
DA:159,0
DA:160,0
DA:161,0
DA:162,0
DA:163,0
DA:164,0
DA:169,0
DA:170,0
DA:171,0
DA:172,0
DA:173,0
DA:184,0
DA:186,0
DA:187,0
DA:188,0
DA:189,0
DA:190,0
DA:192,0
DA:193,0
DA:194,0
DA:195,0
DA:197,0
DA:203,0
DA:205,0
DA:206,0
DA:207,0
DA:208,0
DA:209,0
DA:211,0
DA:212,0
DA:213,0
DA:215,0
DA:216,0
DA:217,0
DA:220,0
DA:222,0
DA:223,0
DA:224,0
DA:225,0
DA:226,0
DA:227,0
DA:231,0
DA:232,0
DA:235,0
DA:236,0
DA:237,0
DA:238,0
DA:239,0
DA:243,0
DA:244,0
DA:245,0
DA:246,0
DA:247,0
DA:249,0
DA:253,0
DA:254,0
DA:255,0
DA:256,0
DA:257,0
DA:258,0
DA:262,0
DA:263,0
DA:266,0
DA:267,0
DA:270,0
DA:271,0
DA:276,0
DA:277,0
DA:278,0
DA:280,0
DA:290,0
DA:291,0
DA:292,0
DA:293,0
DA:294,0
DA:295,0
DA:296,0
DA:297,0
DA:300,0
DA:305,0
DA:306,0
DA:307,0
DA:309,0
DA:319,0
DA:320,0
DA:321,0
DA:322,0
DA:323,0
DA:324,0
DA:325,0
DA:326,0
DA:329,0
DA:334,0
DA:335,0
DA:336,0
DA:338,0
DA:348,0
DA:349,0
DA:350,0
DA:351,0
DA:352,0
DA:353,0
DA:354,0
DA:355,0
DA:358,0
DA:365,0
LF:194
LH:0
end_of_record
SF:lib/features/payments/payments_page.dart
DA:20,1
DA:22,0
DA:23,0
DA:32,0
DA:33,0
DA:34,0
DA:35,0
DA:38,0
DA:42,0
DA:45,0
DA:46,0
DA:48,0
DA:54,0
DA:59,0
DA:60,0
DA:61,0
DA:62,0
DA:67,0
DA:72,0
DA:74,0
DA:80,0
DA:81,0
DA:86,0
DA:88,0
DA:89,0
DA:91,0
DA:93,0
DA:94,0
DA:95,0
DA:98,0
DA:99,0
DA:102,0
DA:103,0
DA:104,0
DA:105,0
DA:108,0
DA:109,0
DA:110,0
DA:115,0
DA:119,0
DA:120,0
DA:121,0
DA:123,0
DA:125,0
DA:130,0
DA:132,0
DA:133,0
DA:134,0
DA:136,0
DA:138,0
DA:141,0
DA:142,0
DA:147,0
DA:148,0
DA:149,0
DA:150,0
DA:153,0
DA:154,0
DA:155,0
DA:156,0
DA:161,0
DA:162,0
DA:164,0
DA:165,0
DA:166,0
DA:168,0
DA:170,0
DA:171,0
DA:173,0
DA:174,0
DA:178,0
DA:179,0
DA:180,0
DA:182,0
DA:195,0
DA:201,0
DA:209,0
DA:211,0
DA:212,0
DA:213,0
DA:214,0
DA:215,0
DA:216,0
DA:217,0
DA:218,0
DA:220,0
DA:221,0
DA:222,0
DA:223,0
DA:224,0
DA:225,0
DA:226,0
DA:228,0
DA:234,0
DA:235,0
DA:242,0
DA:244,0
DA:245,0
DA:246,0
DA:247,0
DA:250,0
DA:251,0
DA:252,0
DA:256,0
DA:258,0
DA:269,0
DA:271,0
DA:272,0
DA:274,0
DA:277,0
DA:278,0
DA:279,0
DA:280,0
DA:282,0
DA:283,0
DA:292,0
DA:293,0
DA:296,0
DA:297,0
DA:298,0
DA:300,0
DA:301,0
DA:302,0
DA:303,0
DA:304,0
DA:305,0
DA:306,0
DA:307,0
DA:311,0
DA:312,0
DA:319,0
DA:321,0
DA:322,0
DA:330,0
DA:331,0
DA:332,0
DA:333,0
DA:334,0
DA:340,0
DA:341,0
DA:344,0
DA:345,0
LF:142
LH:1
end_of_record
SF:lib/features/payments/ui/weekly_summary_page.dart
DA:13,1
DA:15,0
DA:16,0
DA:22,0
DA:24,0
DA:25,0
DA:28,0
DA:29,0
DA:30,0
DA:31,0
DA:32,0
DA:33,0
DA:36,0
DA:39,0
DA:41,0
DA:43,0
DA:44,0
DA:45,0
DA:46,0
DA:55,0
DA:56,0
DA:59,0
DA:60,0
DA:61,0
DA:63,0
DA:65,0
DA:66,0
DA:68,0
DA:69,0
DA:70,0
DA:73,0
DA:74,0
DA:75,0
DA:76,0
DA:78,0
DA:82,0
DA:83,0
DA:85,0
DA:89,0
DA:90,0
DA:92,0
DA:98,0
DA:100,0
DA:101,0
DA:108,0
DA:109,0
DA:110,0
DA:111,0
DA:112,0
DA:113,0
DA:114,0
DA:115,0
DA:117,0
DA:119,0
DA:123,0
DA:124,0
DA:125,0
DA:126,0
DA:127,0
DA:128,0
DA:129,0
DA:130,0
DA:131,0
DA:132,0
DA:133,0
DA:135,0
DA:144,0
DA:145,0
DA:146,0
DA:147,0
DA:154,0
DA:158,0
DA:159,0
DA:166,0
DA:174,0
DA:176,0
DA:177,0
DA:179,0
DA:180,0
DA:181,0
DA:183,0
LF:81
LH:1
end_of_record
SF:lib/features/players/player_profile_page.dart
DA:23,0
DA:30,0
DA:31,0
DA:40,0
DA:42,0
DA:43,0
DA:44,0
DA:47,0
DA:48,0
DA:51,0
DA:52,0
DA:53,0
DA:54,0
DA:55,0
DA:62,0
DA:63,0
DA:64,0
DA:69,0
DA:70,0
DA:71,0
DA:72,0
DA:73,0
DA:74,0
DA:77,0
DA:79,0
DA:80,0
DA:83,0
DA:85,0
DA:86,0
DA:87,0
DA:88,0
DA:89,0
DA:91,0
DA:94,0
DA:95,0
DA:96,0
DA:97,0
DA:99,0
DA:100,0
DA:101,0
DA:102,0
DA:109,0
DA:110,0
DA:111,0
DA:119,0
DA:120,0
DA:121,0
DA:124,0
DA:125,0
DA:126,0
DA:127,0
DA:128,0
DA:129,0
DA:132,0
DA:133,0
DA:134,0
DA:135,0
DA:136,0
DA:137,0
DA:138,0
DA:140,0
DA:141,0
DA:142,0
DA:146,0
DA:148,0
DA:149,0
DA:153,0
DA:155,0
DA:156,0
DA:160,0
DA:165,0
DA:166,0
DA:179,0
DA:180,0
DA:181,0
DA:182,0
DA:183,0
DA:184,0
DA:185,0
DA:187,0
DA:189,0
DA:192,0
DA:200,0
DA:202,0
DA:205,0
DA:206,0
DA:209,0
DA:210,0
DA:216,0
DA:217,0
DA:219,0
DA:220,0
DA:221,0
DA:223,0
DA:226,0
DA:227,0
DA:228,0
DA:232,0
DA:238,0
DA:256,0
DA:258,0
DA:259,0
DA:260,0
DA:261,0
DA:264,0
DA:268,0
DA:269,0
DA:270,0
DA:272,0
DA:274,0
DA:275,0
DA:276,0
DA:277,0
DA:278,0
DA:279,0
DA:281,0
DA:282,0
DA:283,0
DA:284,0
DA:285,0
DA:290,0
DA:292,0
DA:293,0
DA:295,0
DA:297,0
DA:298,0
DA:299,0
DA:302,0
DA:304,0
DA:307,0
DA:309,0
DA:310,0
DA:311,0
DA:314,0
DA:316,0
DA:317,0
DA:328,0
DA:330,0
DA:331,0
DA:333,0
DA:334,0
DA:335,0
DA:336,0
DA:339,0
DA:340,0
DA:341,0
DA:344,0
DA:348,0
DA:349,0
DA:350,0
DA:357,0
DA:358,0
DA:360,0
DA:364,0
DA:366,0
DA:369,0
DA:370,0
DA:372,0
DA:373,0
DA:376,0
DA:378,0
DA:379,0
DA:380,0
DA:381,0
DA:390,0
DA:391,0
DA:392,0
DA:397,0
DA:405,0
DA:407,0
DA:408,0
DA:410,0
DA:412,0
DA:414,0
DA:416,0
DA:417,0
DA:418,0
DA:419,0
DA:420,0
DA:422,0
DA:423,0
DA:424,0
DA:425,0
DA:427,0
DA:428,0
DA:430,0
DA:431,0
DA:434,0
DA:443,0
DA:446,0
DA:453,0
DA:454,0
DA:455,0
DA:457,0
DA:458,0
DA:459,0
DA:461,0
DA:463,0
DA:464,0
DA:466,0
DA:467,0
DA:478,0
DA:482,0
DA:485,0
DA:486,0
DA:487,0
DA:489,0
DA:490,0
DA:491,0
DA:493,0
DA:494,0
DA:496,0
DA:498,0
DA:501,0
DA:502,0
DA:503,0
DA:504,0
DA:505,0
DA:506,0
DA:507,0
DA:508,0
DA:509,0
DA:510,0
DA:515,0
DA:516,0
DA:517,0
DA:518,0
DA:519,0
DA:526,0
DA:530,0
DA:532,0
DA:533,0
DA:534,0
DA:536,0
DA:537,0
DA:538,0
DA:540,0
DA:542,0
DA:543,0
DA:544,0
DA:546,0
DA:547,0
DA:548,0
DA:549,0
DA:550,0
DA:551,0
DA:552,0
DA:553,0
DA:554,0
DA:555,0
DA:560,0
DA:561,0
DA:563,0
DA:565,0
DA:566,0
DA:567,0
DA:569,0
DA:570,0
DA:571,0
DA:572,0
DA:573,0
DA:574,0
DA:582,0
DA:583,0
DA:589,0
DA:601,0
DA:603,0
DA:605,0
DA:606,0
DA:607,0
DA:609,0
DA:616,0
DA:617,0
DA:619,0
DA:620,0
DA:621,0
DA:625,0
DA:632,1
DA:634,0
DA:647,0
DA:651,0
DA:653,0
DA:654,0
DA:655,0
DA:663,0
DA:665,0
DA:666,0
DA:667,0
DA:668,0
DA:669,0
DA:670,0
DA:671,0
DA:672,0
DA:673,0
DA:674,0
DA:675,0
DA:676,0
DA:677,0
DA:685,0
DA:686,0
DA:690,0
DA:691,0
DA:693,0
DA:694,0
LF:304
LH:1
end_of_record
SF:lib/features/seasons/season_picker_page.dart
DA:17,1
DA:19,0
DA:20,0
DA:23,0
DA:26,0
DA:27,0
DA:30,0
DA:32,0
DA:33,0
DA:34,0
DA:35,0
DA:36,0
DA:37,0
DA:39,0
DA:40,0
DA:41,0
DA:45,0
DA:47,0
DA:48,0
DA:49,0
DA:51,0
DA:53,0
DA:54,0
DA:55,0
DA:56,0
DA:58,0
DA:59,0
DA:60,0
DA:62,0
DA:63,0
DA:64,0
DA:65,0
DA:67,0
DA:70,0
DA:71,0
DA:74,0
DA:75,0
DA:77,0
DA:78,0
DA:83,0
DA:84,0
DA:92,0
DA:99,0
DA:100,0
DA:101,0
DA:102,0
DA:103,0
DA:111,0
DA:113,0
DA:115,0
DA:117,0
DA:118,0
DA:124,0
DA:125,0
DA:126,0
DA:127,0
DA:128,0
DA:129,0
DA:131,0
DA:132,0
DA:135,0
DA:136,0
DA:137,0
DA:138,0
DA:139,0
DA:140,0
DA:152,0
DA:153,0
DA:159,0
DA:160,0
DA:168,1
DA:170,0
DA:171,0
DA:182,0
DA:184,0
DA:185,0
DA:188,0
DA:189,0
DA:190,0
DA:191,0
DA:192,0
DA:193,0
DA:195,0
DA:198,0
DA:199,0
DA:200,0
DA:201,0
DA:202,0
DA:203,0
DA:205,0
DA:208,0
DA:209,0
DA:211,0
DA:212,0
DA:218,0
DA:221,0
DA:222,0
DA:223,0
DA:224,0
DA:225,0
DA:229,0
DA:230,0
DA:231,0
DA:232,0
DA:233,0
DA:234,0
DA:236,0
DA:237,0
DA:238,0
DA:240,0
DA:244,0
DA:246,0
DA:247,0
DA:248,0
DA:252,0
DA:254,0
DA:255,0
DA:256,0
DA:257,0
DA:260,0
DA:261,0
DA:263,0
DA:264,0
DA:266,0
DA:269,0
DA:272,0
DA:273,0
DA:275,0
DA:278,0
DA:279,0
DA:282,0
DA:284,0
DA:285,0
DA:286,0
DA:298,0
DA:299,0
LF:136
LH:2
end_of_record
SF:lib/features/uniforms/uniforms_requirements_page.dart
DA:7,1
DA:9,0
DA:11,0
DA:13,0
DA:15,0
DA:17,0
DA:18,0
DA:20,0
DA:23,0
DA:24,0
DA:26,0
DA:28,0
DA:33,0
DA:35,0
DA:38,0
DA:40,0
DA:42,0
DA:46,0
DA:48,0
DA:52,0
DA:53,0
DA:56,0
DA:58,0
DA:60,0
DA:91,0
DA:92,0
DA:94,0
DA:96,0
LF:28
LH:1
end_of_record
SF:lib/features/uniforms/uniforms_page.dart
DA:24,1
DA:26,0
DA:27,0
DA:60,0
DA:62,0
DA:63,0
DA:64,0
DA:66,0
DA:68,0
DA:69,0
DA:70,0
DA:71,0
DA:72,0
DA:73,0
DA:83,0
DA:85,0
DA:87,0
DA:88,0
DA:89,0
DA:90,0
DA:94,0
DA:96,0
DA:97,0
DA:98,0
DA:100,0
DA:102,0
DA:104,0
DA:106,0
DA:108,0
DA:110,0
DA:111,0
DA:112,0
DA:114,0
DA:116,0
DA:117,0
DA:118,0
DA:119,0
DA:120,0
DA:121,0
DA:125,0
DA:126,0
DA:127,0
DA:128,0
DA:131,0
DA:132,0
DA:134,0
DA:139,0
DA:140,0
DA:141,0
DA:148,0
DA:151,0
DA:152,0
DA:153,0
DA:154,0
DA:155,0
DA:157,0
DA:158,0
DA:159,0
DA:161,0
DA:162,0
DA:164,0
DA:168,0
DA:172,0
DA:173,0
DA:174,0
DA:176,0
DA:178,0
DA:179,0
DA:180,0
DA:181,0
DA:183,0
DA:184,0
DA:185,0
DA:190,0
DA:191,0
DA:192,0
DA:200,0
DA:201,0
DA:235,0
DA:236,0
DA:237,0
DA:238,0
DA:240,0
DA:244,0
DA:246,0
DA:252,0
DA:255,0
DA:257,0
DA:260,0
DA:270,0
DA:271,0
DA:274,0
DA:275,0
DA:281,0
DA:283,0
DA:284,0
DA:289,0
DA:291,0
DA:292,0
DA:293,0
DA:294,0
DA:297,0
DA:298,0
DA:301,0
DA:302,0
DA:304,0
DA:307,0
DA:314,0
DA:315,0
DA:317,0
DA:320,0
DA:322,0
DA:324,0
DA:328,0
DA:329,0
DA:330,0
DA:340,0
DA:341,0
DA:343,0
DA:344,0
DA:346,0
DA:353,0
DA:354,0
DA:355,0
DA:357,0
DA:358,0
DA:359,0
DA:364,0
DA:370,0
DA:371,0
DA:373,0
DA:374,0
DA:376,0
DA:383,0
DA:384,0
DA:385,0
DA:387,0
DA:388,0
DA:389,0
DA:394,0
DA:402,0
DA:404,0
DA:406,0
DA:407,0
DA:408,0
DA:409,0
DA:410,0
DA:411,0
DA:413,0
DA:415,0
DA:416,0
DA:417,0
DA:418,0
DA:419,0
DA:420,0
DA:422,0
DA:424,0
DA:425,0
DA:427,0
DA:428,0
DA:432,0
DA:433,0
DA:436,0
DA:441,0
DA:442,0
DA:443,0
DA:450,0
DA:457,0
DA:461,0
DA:462,0
DA:463,0
DA:464,0
DA:465,0
DA:468,0
DA:473,0
DA:474,0
DA:475,0
DA:476,0
DA:477,0
DA:480,0
DA:485,0
DA:486,0
DA:487,0
DA:488,0
DA:489,0
DA:492,0
DA:502,0
DA:503,0
DA:504,0
DA:507,0
DA:508,0
DA:509,0
DA:510,0
DA:511,0
DA:512,0
DA:513,0
DA:514,0
DA:516,0
DA:522,0
DA:524,0
DA:539,0
DA:540,0
DA:541,0
DA:542,0
DA:543,0
DA:544,0
DA:548,0
DA:553,0
DA:554,0
DA:556,0
DA:558,0
DA:559,0
DA:560,0
DA:561,0
DA:564,0
DA:565,0
DA:571,0
DA:573,0
DA:574,0
DA:577,0
DA:579,0
DA:580,0
DA:581,0
DA:582,0
DA:584,0
DA:586,0
DA:588,0
DA:590,0
DA:591,0
DA:592,0
DA:593,0
DA:594,0
DA:595,0
DA:596,0
DA:598,0
DA:600,0
DA:601,0
DA:606,0
DA:607,0
DA:608,0
DA:618,0
DA:628,0
DA:630,0
DA:638,0
DA:639,0
DA:640,0
DA:642,0
DA:644,0
DA:646,0
DA:647,0
DA:648,0
DA:653,0
DA:654,0
DA:659,0
DA:661,0
DA:667,0
DA:668,0
DA:670,0
DA:671,0
DA:679,0
DA:680,0
DA:681,0
DA:682,0
DA:683,0
DA:684,0
DA:685,0
DA:686,0
DA:689,0
DA:700,0
DA:714,0
DA:716,0
DA:717,0
DA:718,0
DA:720,0
DA:722,0
DA:723,0
DA:729,0
DA:730,0
DA:737,0
DA:739,0
DA:740,0
DA:741,0
DA:742,0
DA:743,0
DA:744,0
DA:745,0
DA:746,0
DA:747,0
DA:748,0
DA:749,0
DA:751,0
DA:753,0
DA:754,0
DA:755,0
DA:758,0
DA:760,0
LF:296
LH:1
end_of_record
SF:lib/features/uniforms/uniform_data_quality_page.dart
DA:15,0
DA:26,0
DA:27,0
DA:35,0
DA:37,0
DA:38,0
DA:41,0
DA:43,0
DA:44,0
DA:47,0
DA:49,0
DA:50,0
DA:52,0
DA:53,0
DA:54,0
DA:63,0
DA:64,0
DA:65,0
DA:69,0
DA:70,0
DA:71,0
DA:72,0
DA:73,0
DA:76,0
DA:77,0
DA:78,0
DA:79,0
DA:80,0
DA:81,0
DA:82,0
DA:83,0
DA:84,0
DA:85,0
DA:87,0
DA:88,0
DA:89,0
DA:90,0
DA:91,0
DA:92,0
DA:94,0
DA:95,0
DA:96,0
DA:98,0
DA:100,0
DA:101,0
DA:104,0
DA:105,0
DA:107,0
DA:110,0
DA:111,0
DA:113,0
DA:114,0
DA:116,0
DA:118,0
DA:119,0
DA:121,0
DA:123,0
DA:124,0
DA:126,0
DA:128,0
DA:129,0
DA:131,0
DA:133,0
DA:134,0
DA:139,0
DA:141,0
DA:144,0
DA:145,0
DA:146,0
DA:155,0
DA:156,0
DA:162,0
DA:164,0
DA:165,0
DA:166,0
DA:167,0
DA:168,0
DA:169,0
DA:170,0
DA:171,0
DA:172,0
DA:174,0
DA:175,0
DA:176,0
DA:177,0
DA:178,0
DA:179,0
DA:181,0
DA:193,0
DA:194,0
LF:90
LH:0
end_of_record
SF:lib/core/theme/brand.dart
DA:4,0
LF:1
LH:0
end_of_record
SF:lib/core/utils/excel_delivery.dart
DA:7,0
DA:12,0
LF:2
LH:0
end_of_record
SF:lib/core/utils/excel_delivery_io.dart
DA:7,0
DA:12,0
DA:13,0
DA:14,0
DA:16,0
DA:17,0
DA:18,0
DA:23,0
LF:8
LH:0
end_of_record
SF:lib/core/utils/formatters.dart
DA:4,0
DA:6,0
DA:7,0
DA:12,0
DA:13,0
DA:16,0
DA:17,0
LF:7
LH:0
end_of_record
SF:lib/core/utils/open_external_url_io.dart
DA:3,0
DA:4,0
DA:6,0
LF:3
LH:0
end_of_record
SF:lib/features/awards/data/awards_repo.dart
DA:6,0
DA:10,0
DA:11,0
DA:12,0
DA:13,0
DA:17,0
DA:18,0
DA:21,0
DA:22,0
DA:23,0
DA:26,0
DA:32,0
DA:33,0
DA:35,0
DA:36,0
DA:46,0
DA:47,0
DA:48,0
DA:49,0
DA:50,0
DA:51,0
DA:52,0
DA:55,0
DA:56,0
DA:57,0
DA:60,0
DA:62,0
DA:63,0
LF:28
LH:0
end_of_record
SF:lib/features/awards/domain/award.dart
DA:2,0
DA:20,0
DA:21,0
DA:22,0
DA:23,0
DA:24,0
DA:26,0
DA:27,0
DA:29,0
DA:30,0
DA:31,0
DA:32,0
DA:33,0
DA:35,0
DA:36,0
DA:37,0
DA:44,0
DA:56,0
DA:58,0
DA:59,0
DA:60,0
DA:61,0
DA:62,0
DA:63,0
LF:24
LH:0
end_of_record
SF:lib/features/awards/providers/awards_providers.dart
DA:8,0
DA:9,0
DA:12,0
DA:13,0
DA:16,0
DA:17,0
DA:20,0
DA:21,0
DA:22,0
DA:23,0
LF:10
LH:0
end_of_record
SF:lib/features/payments/domain/payment.dart
DA:4,0
DA:32,0
DA:33,0
DA:34,0
DA:36,0
DA:37,0
DA:38,0
DA:40,0
DA:41,0
DA:43,0
DA:44,0
DA:45,0
DA:46,0
DA:47,0
DA:48,0
DA:49,0
DA:50,0
DA:51,0
DA:52,0
DA:53,0
DA:55,0
DA:59,0
DA:60,0
DA:61,0
DA:67,0
DA:72,0
DA:73,0
DA:74,0
DA:75,0
DA:81,0
DA:93,0
DA:95,0
DA:96,0
DA:97,0
DA:98,0
DA:99,0
DA:100,0
LF:37
LH:0
end_of_record
SF:lib/features/payments/providers/payments_providers.dart
DA:10,0
DA:20,0
DA:22,0
DA:23,0
DA:24,0
DA:25,0
DA:28,0
DA:29,0
DA:32,0
DA:33,0
DA:36,0
DA:37,0
DA:38,0
DA:39,0
DA:40,0
DA:44,0
DA:45,0
DA:46,0
DA:47,0
DA:50,0
DA:51,0
DA:54,0
DA:55,0
DA:56,0
DA:59,0
DA:60,0
DA:61,0
LF:27
LH:0
end_of_record
SF:lib/features/payments/data/payments_repo.dart
DA:10,1
DA:14,0
DA:15,0
DA:19,1
DA:23,0
DA:24,0
DA:28,0
DA:32,0
DA:33,0
DA:37,0
DA:42,0
DA:43,0
DA:44,0
DA:45,0
DA:46,0
DA:47,0
DA:50,0
DA:51,0
DA:52,0
DA:55,0
DA:60,0
DA:61,0
DA:62,0
DA:67,0
DA:70,0
DA:73,0
DA:76,0
DA:79,0
DA:80,0
DA:81,0
DA:84,0
DA:85,0
DA:86,0
DA:87,0
DA:92,0
DA:93,0
DA:94,0
DA:97,0
DA:98,0
DA:99,0
DA:102,0
DA:111,0
DA:113,0
DA:119,0
DA:126,0
DA:127,0
DA:128,0
DA:131,0
DA:138,0
DA:141,0
DA:142,0
DA:143,0
DA:147,0
DA:148,0
DA:153,0
DA:154,0
DA:158,0
DA:159,0
DA:160,0
DA:161,0
DA:165,0
DA:167,0
DA:170,0
DA:176,0
DA:178,0
DA:179,0
DA:181,0
DA:190,0
DA:194,0
DA:195,0
DA:198,0
DA:201,0
DA:202,0
DA:203,0
DA:204,0
DA:205,0
DA:206,0
DA:207,0
DA:210,0
DA:211,0
DA:212,0
DA:215,0
DA:216,0
DA:217,0
DA:218,0
DA:219,0
DA:221,0
DA:222,0
DA:223,0
DA:224,0
DA:225,0
DA:226,0
DA:228,0
DA:229,0
DA:230,0
DA:231,0
DA:232,0
DA:245,0
DA:246,0
DA:247,0
DA:248,0
DA:249,0
DA:250,0
DA:251,0
DA:253,0
DA:254,0
DA:255,0
DA:258,0
DA:259,0
DA:260,0
DA:261,0
DA:262,0
DA:263,0
DA:264,0
DA:265,0
DA:267,0
DA:268,0
DA:269,0
DA:270,0
DA:271,0
DA:272,0
DA:273,0
DA:278,0
DA:279,0
DA:280,0
DA:281,0
DA:282,0
DA:283,0
DA:284,0
DA:288,0
DA:290,0
DA:292,0
DA:294,0
DA:299,0
DA:300,0
DA:301,0
DA:302,0
DA:304,0
DA:307,0
DA:308,0
DA:312,0
DA:317,0
DA:318,0
DA:319,0
DA:320,0
DA:323,0
DA:324,0
DA:326,0
DA:327,0
DA:328,0
DA:329,0
DA:330,0
DA:334,0
DA:335,0
DA:336,0
DA:337,0
DA:340,0
DA:341,0
DA:346,0
DA:347,0
DA:348,0
DA:349,0
DA:350,0
DA:351,0
DA:352,0
LF:165
LH:2
end_of_record
SF:lib/features/payments/domain/weekly_summary.dart
DA:2,0
DA:18,0
LF:2
LH:0
end_of_record
SF:lib/features/settings/data/settings_repo.dart
DA:4,1
DA:8,0
DA:9,0
DA:13,0
DA:16,0
DA:20,0
DA:21,0
DA:24,0
DA:27,0
DA:28,0
DA:31,0
DA:32,0
DA:33,0
DA:39,0
LF:14
LH:1
end_of_record
SF:lib/features/payments/widgets/payment_form_sheet.dart
DA:12,0
DA:21,0
DA:22,0
DA:35,0
DA:37,0
DA:38,0
DA:39,0
DA:42,0
DA:43,0
DA:44,0
DA:47,0
DA:48,0
DA:49,0
DA:50,0
DA:51,0
DA:52,0
DA:55,0
DA:58,0
DA:59,0
DA:60,0
DA:62,0
DA:64,0
DA:65,0
DA:66,0
DA:67,0
DA:68,0
DA:69,0
DA:70,0
DA:72,0
DA:73,0
DA:74,0
DA:78,0
DA:80,0
DA:82,0
DA:83,0
DA:89,0
DA:92,0
DA:93,0
DA:95,0
DA:96,0
DA:97,0
DA:98,0
DA:99,0
DA:100,0
DA:101,0
DA:115,0
DA:116,0
DA:119,0
DA:120,0
DA:121,0
DA:122,0
DA:123,0
DA:129,0
DA:130,0
DA:132,0
DA:135,0
DA:136,0
DA:137,0
DA:138,0
DA:139,0
DA:140,0
DA:141,0
DA:144,0
DA:145,0
DA:146,0
DA:147,0
DA:148,0
DA:149,0
DA:150,0
DA:152,0
DA:153,0
DA:155,0
DA:159,0
DA:161,0
DA:162,0
DA:164,0
DA:165,0
DA:166,0
DA:170,0
DA:172,0
DA:173,0
DA:174,0
DA:175,0
DA:178,0
DA:179,0
DA:181,0
DA:182,0
DA:183,0
DA:184,0
DA:185,0
DA:187,0
DA:189,0
DA:190,0
DA:192,0
DA:195,0
DA:196,0
DA:198,0
DA:200,0
DA:201,0
DA:211,0
DA:215,0
DA:218,0
DA:219,0
DA:220,0
DA:221,0
DA:223,0
DA:224,0
DA:227,0
DA:228,0
DA:229,0
DA:230,0
DA:233,0
DA:237,0
DA:240,0
DA:243,0
DA:244,0
DA:245,0
DA:250,0
DA:251,0
DA:254,0
DA:255,0
DA:256,0
DA:263,0
DA:264,0
DA:269,0
DA:271,0
DA:272,0
DA:273,0
LF:128
LH:0
end_of_record
SF:lib/features/uniforms/data/uniforms_repo.dart
DA:7,0
DA:11,0
DA:12,0
DA:13,0
DA:14,0
DA:15,0
DA:16,0
DA:17,0
DA:19,0
DA:22,0
DA:23,0
DA:24,0
DA:25,0
DA:26,0
DA:27,0
DA:30,0
DA:31,0
DA:32,0
DA:35,0
DA:36,0
DA:37,0
DA:38,0
DA:39,0
DA:40,0
DA:41,0
DA:42,0
DA:45,0
DA:46,0
DA:47,0
DA:48,0
DA:49,0
DA:50,0
DA:51,0
DA:54,0
DA:55,0
LF:35
LH:0
end_of_record
SF:lib/features/uniforms/domain/uniforms_requirements_content.dart
DA:2,0
LF:1
LH:0
end_of_record
SF:lib/features/uniforms/providers/uniforms_providers.dart
DA:8,0
DA:9,0
DA:12,0
DA:13,0
DA:14,0
DA:17,0
DA:18,0
DA:19,0
LF:8
LH:0
end_of_record
